2018-04-02 01:20:24 || Created device:device10 for userId:1
2018-04-02 01:22:15 || Created user with email:a@abv.bg
2018-04-02 01:23:07 || Received device configuration for client:device1
2018-04-02 01:24:01 || Updated radius for device:device1
2018-04-02 01:24:06 || Received device configuration for client:device1
2018-04-02 01:36:40 || Received user with email:a@abv.bg
2018-04-02 01:36:40 || Received device configuration for client:device1
2018-04-02 01:36:40 || Received device configuration for client:device1
2018-04-02 01:36:43 || Received device configuration for client:device1
2018-04-02 01:38:40 || Received device configuration for client:device1
2018-04-02 01:38:44 || Received device configuration for client:device1
2018-04-02 01:38:45 || Received device configuration for client:device1
2018-04-02 01:38:47 || Received device configuration for client:device1
2018-04-02 01:42:24 || Received device configuration for client:device1
2018-04-02 01:42:25 || Received device configuration for client:device1
2018-04-02 01:42:27 || Received device configuration for client:device1
2018-04-02 01:43:56 || Received device configuration for client:device1
2018-04-02 01:43:56 || Received device configuration for client:device1
2018-04-02 01:43:58 || Received device configuration for client:device1
2018-04-02 01:44:39 || Received device configuration for client:device1
2018-04-02 01:44:39 || Received device configuration for client:device1
2018-04-02 01:44:41 || Received device configuration for client:device1
2018-04-02 01:45:22 || Received device configuration for client:device1
2018-04-02 01:45:22 || Received device configuration for client:device1
2018-04-02 01:45:25 || Received device configuration for client:device1
2018-04-02 02:11:18 || Received device configuration for client:device1
2018-04-02 02:11:18 || Received device configuration for client:device1
2018-04-02 02:11:21 || Received device configuration for client:device1
2018-04-02 02:13:28 || Received device configuration for client:device1
2018-04-02 02:13:28 || Received device configuration for client:device1
2018-04-02 02:13:54 || Received GPS coordinates for device:device1
2018-04-02 02:13:54 || Updated parking status for device:device1
2018-04-02 02:14:13 || Received device configuration for client:device1
2018-04-02 02:14:13 || Received device configuration for client:device1
2018-04-02 02:14:13 || Received GPS coordinates for device:device1
2018-04-02 02:14:28 || Received GPS coordinates for device:device1
2018-04-02 02:14:28 || Received device configuration for client:device1
2018-04-02 02:14:40 || Received GPS coordinates for device:device1
2018-04-02 02:14:40 || Received device configuration for client:device1
2018-04-02 02:14:40 || Received device configuration for client:device1
2018-04-02 02:18:29 || Received device configuration for client:device1
2018-04-02 02:18:29 || Received device configuration for client:device1
2018-04-02 02:18:29 || Received GPS coordinates for device:device1
2018-04-02 02:18:45 || Updated parking status for device:device1
2018-04-02 02:18:47 || Received device configuration for client:device1
2018-04-02 02:18:47 || Received GPS coordinates for device:device1
2018-04-02 02:20:34 || Received GPS coordinates for device:device1
2018-04-02 02:20:34 || Updated parking status for device:device1
2018-04-02 02:20:38 || Received device:device1
2018-04-02 02:20:38 || Received GPS coordinates for device:device1
2018-04-02 02:20:38 || Updated parking status for device:device1
2018-04-02 02:20:43 || Received GPS coordinates for device:device1
2018-04-02 02:20:43 || Updated parking status for device:device1
2018-04-02 02:20:46 || Received device configuration for client:device1
2018-04-02 02:20:46 || Received GPS coordinates for device:device1
2018-04-02 02:20:48 || Received device:device1
2018-04-02 02:20:48 || Received GPS coordinates for device:device1
2018-04-02 02:20:53 || Received device:device1
2018-04-02 02:20:53 || Received GPS coordinates for device:device1
2018-04-02 02:20:58 || Received device:device1
2018-04-02 02:20:58 || Received GPS coordinates for device:device1
2018-04-02 02:21:01 || Updated radius for device:device1
2018-04-02 02:21:03 || Received device:device1
2018-04-02 02:21:03 || Received GPS coordinates for device:device1
2018-04-02 02:21:08 || Received device:device1
2018-04-02 02:21:08 || Received GPS coordinates for device:device1
2018-04-02 02:21:09 || Updated radius for device:device1
2018-04-02 02:21:13 || Received device:device1
2018-04-02 02:21:13 || Received GPS coordinates for device:device1
2018-04-02 02:21:18 || Updated radius for device:device1
2018-04-02 02:21:19 || Received device:device1
2018-04-02 02:21:20 || Received GPS coordinates for device:device1
2018-04-02 02:21:26 || Received device:device1
2018-04-02 02:21:27 || Received GPS coordinates for device:device1
2018-04-02 02:21:35 || Received device:device1
2018-04-02 02:21:35 || Received GPS coordinates for device:device1
2018-04-02 02:21:43 || Received device:device1
2018-04-02 02:21:44 || Received GPS coordinates for device:device1
2018-04-02 02:21:54 || Received device:device1
2018-04-02 02:21:54 || Received GPS coordinates for device:device1
2018-04-02 02:22:05 || Received device:device1
2018-04-02 02:22:05 || Received GPS coordinates for device:device1
2018-04-02 02:22:17 || Received device:device1
2018-04-02 02:22:17 || Received GPS coordinates for device:device1
2018-04-02 02:22:35 || Received device:device1
2018-04-02 02:22:35 || Received GPS coordinates for device:device1
2018-04-02 02:22:49 || Received device:device1
2018-04-02 02:22:49 || Received GPS coordinates for device:device1
2018-04-02 02:23:04 || Received device:device1
2018-04-02 02:23:05 || Received GPS coordinates for device:device1
2018-04-02 02:23:29 || Received device:device1
2018-04-02 02:23:29 || Received GPS coordinates for device:device1
2018-04-02 02:23:46 || Received device:device1
2018-04-02 02:23:46 || Received GPS coordinates for device:device1
2018-04-02 02:24:04 || Received device:device1
2018-04-02 02:24:04 || Received GPS coordinates for device:device1
2018-04-02 02:24:29 || Received device:device1
2018-04-02 02:24:29 || Received GPS coordinates for device:device1
2018-04-02 02:24:53 || Received device:device1
2018-04-02 02:24:53 || Received GPS coordinates for device:device1
2018-04-02 02:25:14 || Received device:device1
2018-04-02 02:25:14 || Received GPS coordinates for device:device1
2018-04-02 02:25:48 || Received device:device1
2018-04-02 02:25:48 || Received GPS coordinates for device:device1
2018-04-02 02:26:11 || Received device:device1
2018-04-02 02:26:11 || Received GPS coordinates for device:device1
2018-04-02 02:26:35 || Received device:device1
2018-04-02 02:26:35 || Received GPS coordinates for device:device1
2018-04-02 02:27:12 || Received device:device1
2018-04-02 02:27:12 || Received GPS coordinates for device:device1
2018-04-02 02:27:38 || Received device:device1
2018-04-02 02:27:38 || Received GPS coordinates for device:device1
2018-04-02 02:28:12 || Received device:device1
2018-04-02 02:28:12 || Received GPS coordinates for device:device1
2018-04-02 02:28:40 || Received device:device1
2018-04-02 02:28:40 || Received GPS coordinates for device:device1
2018-04-02 02:29:29 || Received device:device1
2018-04-02 02:29:29 || Received GPS coordinates for device:device1
2018-04-02 02:29:59 || Received device:device1
2018-04-02 02:29:59 || Received GPS coordinates for device:device1
2018-04-02 02:30:30 || Received device:device1
2018-04-02 02:30:30 || Received GPS coordinates for device:device1
2018-04-02 02:31:02 || Received device:device1
2018-04-02 02:31:02 || Received GPS coordinates for device:device1
2018-04-02 02:31:35 || Received device:device1
2018-04-02 02:31:35 || Received GPS coordinates for device:device1
2018-04-02 02:32:09 || Received device:device1
2018-04-02 02:32:09 || Received GPS coordinates for device:device1
2018-04-02 02:33:06 || Received device:device1
2018-04-02 02:33:06 || Received GPS coordinates for device:device1
2018-04-02 02:34:06 || Received device:device1
2018-04-02 02:34:06 || Received GPS coordinates for device:device1
2018-04-02 02:35:06 || Received device:device1
2018-04-02 02:35:06 || Received GPS coordinates for device:device1
2018-04-02 02:36:06 || Received device:device1
2018-04-02 02:36:06 || Received GPS coordinates for device:device1
2018-04-02 02:37:07 || Received device:device1
2018-04-02 02:37:07 || Received GPS coordinates for device:device1
2018-04-02 02:37:47 || Received device:device1
2018-04-02 02:37:47 || Received GPS coordinates for device:device1
2018-04-02 02:38:28 || Received device:device1
2018-04-02 02:38:28 || Received GPS coordinates for device:device1
2018-04-02 02:39:28 || Received device:device1
2018-04-02 02:39:28 || Received GPS coordinates for device:device1
2018-04-02 02:40:33 || Received device configuration for client:device1
2018-04-02 02:40:41 || Received device configuration for client:device1
2018-04-02 02:40:41 || Received device configuration for client:device1
2018-04-02 02:40:41 || Received GPS coordinates for device:device1
2018-04-02 02:40:49 || Updated parking status for device:device1
2018-04-02 02:40:53 || Received device configuration for client:device1
2018-04-02 02:40:53 || Received GPS coordinates for device:device1
2018-04-02 02:42:00 || Received GPS coordinates for device:device1
2018-04-02 02:42:00 || Updated parking status for device:device1
2018-04-02 02:42:05 || Received device:device1
2018-04-02 02:42:05 || Received GPS coordinates for device:device1
2018-04-02 02:42:09 || Received device configuration for client:device1
2018-04-02 02:42:09 || Received device configuration for client:device1
2018-04-02 02:42:09 || Received GPS coordinates for device:device1
2018-04-02 02:42:10 || Received device:device1
2018-04-02 02:42:10 || Received GPS coordinates for device:device1
2018-04-02 02:42:15 || Received device:device1
2018-04-02 02:42:15 || Received GPS coordinates for device:device1
2018-04-02 02:42:20 || Received device:device1
2018-04-02 02:42:20 || Received GPS coordinates for device:device1
2018-04-02 02:42:25 || Received device:device1
2018-04-02 02:42:25 || Received GPS coordinates for device:device1
2018-04-02 02:42:30 || Received device:device1
2018-04-02 02:42:30 || Received GPS coordinates for device:device1
2018-04-02 02:42:36 || Received device:device1
2018-04-02 02:42:36 || Received GPS coordinates for device:device1
2018-04-02 02:42:47 || Received device:device1
2018-04-02 02:42:47 || Received GPS coordinates for device:device1
2018-04-02 02:42:55 || Received device:device1
2018-04-02 02:42:55 || Received GPS coordinates for device:device1
2018-04-02 02:43:04 || Received device:device1
2018-04-02 02:43:04 || Received GPS coordinates for device:device1
2018-04-02 02:43:14 || Received device:device1
2018-04-02 02:43:14 || Received GPS coordinates for device:device1
2018-04-02 02:43:25 || Received device:device1
2018-04-02 02:43:25 || Received GPS coordinates for device:device1
2018-04-02 02:43:45 || Received device:device1
2018-04-02 02:43:45 || Received GPS coordinates for device:device1
2018-04-02 02:43:58 || Received device:device1
2018-04-02 02:43:58 || Received GPS coordinates for device:device1
2018-04-02 02:44:12 || Received device:device1
2018-04-02 02:44:12 || Received GPS coordinates for device:device1
2018-04-02 02:44:27 || Received device:device1
2018-04-02 02:44:27 || Received GPS coordinates for device:device1
2018-04-02 02:44:47 || Received device:device1
2018-04-02 02:44:47 || Received GPS coordinates for device:device1
2018-04-02 02:45:04 || Received device:device1
2018-04-02 02:45:04 || Received GPS coordinates for device:device1
2018-04-02 02:45:22 || Received device:device1
2018-04-02 02:45:22 || Received GPS coordinates for device:device1
2018-04-02 02:45:41 || Received device:device1
2018-04-02 02:45:41 || Received GPS coordinates for device:device1
2018-04-02 02:46:06 || Received device configuration for client:device1
2018-04-02 02:46:06 || Received device configuration for client:device1
2018-04-02 02:46:06 || Received GPS coordinates for device:device1
2018-04-02 02:46:06 || Received GPS coordinates for device:device1
2018-04-02 02:46:07 || Received GPS coordinates for device:device1
2018-04-02 02:47:18 || Received device configuration for client:device1
2018-04-02 02:47:18 || Received device configuration for client:device1
2018-04-02 02:47:18 || Received GPS coordinates for device:device1
2018-04-02 02:47:18 || Received GPS coordinates for device:device1
2018-04-02 02:47:18 || Received GPS coordinates for device:device1
2018-04-02 02:47:36 || Received device configuration for client:device1
2018-04-02 02:47:36 || Received device configuration for client:device1
2018-04-02 02:47:36 || Received GPS coordinates for device:device1
2018-04-02 02:47:36 || Received GPS coordinates for device:device1
2018-04-02 02:47:36 || Received GPS coordinates for device:device1
2018-04-02 02:50:07 || Received device configuration for client:device1
2018-04-02 02:50:07 || Received device configuration for client:device1
2018-04-02 02:50:07 || Received GPS coordinates for device:device1
2018-04-02 02:50:07 || Received GPS coordinates for device:device1
2018-04-02 02:50:07 || Received GPS coordinates for device:device1
2018-04-02 02:53:11 || Received device configuration for client:device1
2018-04-02 02:53:11 || Received device configuration for client:device1
2018-04-02 02:53:12 || Received GPS coordinates for device:device1
2018-04-02 02:53:12 || Received GPS coordinates for device:device1
2018-04-02 02:53:12 || Received GPS coordinates for device:device1
2018-04-02 02:53:31 || Received device configuration for client:device1
2018-04-02 02:53:31 || Received device configuration for client:device1
2018-04-02 02:53:31 || Received GPS coordinates for device:device1
2018-04-02 02:53:31 || Received GPS coordinates for device:device1
2018-04-02 02:53:31 || Received GPS coordinates for device:device1
2018-04-02 02:53:54 || Received device configuration for client:device1
2018-04-02 02:53:54 || Received device configuration for client:device1
2018-04-02 02:53:54 || Received GPS coordinates for device:device1
2018-04-02 02:53:54 || Received GPS coordinates for device:device1
2018-04-02 02:53:54 || Received GPS coordinates for device:device1
2018-04-02 02:57:28 || Received device configuration for client:device1
2018-04-02 02:57:28 || Received GPS coordinates for device:device1
2018-04-02 02:57:32 || Received device configuration for client:device1
2018-04-02 02:57:32 || Received device configuration for client:device1
2018-04-02 02:57:32 || Received GPS coordinates for device:device1
2018-04-02 02:57:32 || Received GPS coordinates for device:device1
2018-04-02 02:57:32 || Received GPS coordinates for device:device1
2018-04-02 02:58:26 || Received device configuration for client:device1
2018-04-02 02:58:26 || Received GPS coordinates for device:device1
2018-04-02 02:58:30 || Received device configuration for client:device1
2018-04-02 02:58:30 || Received device configuration for client:device1
2018-04-02 02:58:30 || Received GPS coordinates for device:device1
2018-04-02 02:58:30 || Received GPS coordinates for device:device1
2018-04-02 02:58:30 || Received GPS coordinates for device:device1
2018-04-02 02:58:33 || Updated radius for device:device1
2018-04-02 02:58:33 || Updated parking status for device:device1
2018-04-02 02:58:36 || Received GPS coordinates for device:device1
2018-04-02 02:58:36 || Updated parking status for device:device1
2018-04-02 02:58:38 || Updated radius for device:device1
2018-04-02 02:58:38 || Updated parking status for device:device1
2018-04-02 02:59:38 || Received device configuration for client:device1
2018-04-02 02:59:38 || Received device configuration for client:device1
2018-04-02 02:59:38 || Received GPS coordinates for device:device1
2018-04-02 02:59:42 || Received GPS coordinates for device:device1
2018-04-02 02:59:42 || Updated parking status for device:device1
2018-04-02 02:59:45 || Received GPS coordinates for device:device1
2018-04-02 02:59:45 || Received device configuration for client:device1
2018-04-02 02:59:47 || Received device:device1
2018-04-02 02:59:47 || Received GPS coordinates for device:device1
2018-04-02 02:59:50 || Updated radius for device:device1
2018-04-02 02:59:51 || Received device configuration for client:device1
2018-04-02 02:59:51 || Received device configuration for client:device1
2018-04-02 02:59:51 || Received GPS coordinates for device:device1
2018-04-02 02:59:51 || Received GPS coordinates for device:device1
2018-04-02 02:59:51 || Received GPS coordinates for device:device1
2018-04-02 02:59:51 || Received device:device1
2018-04-02 02:59:51 || Received GPS coordinates for device:device1
2018-04-02 02:59:55 || Updated radius for device:device1
2018-04-02 02:59:55 || Updated parking status for device:device1
2018-04-02 03:00:07 || Received GPS coordinates for device:device1
2018-04-02 03:00:07 || Received device configuration for client:device1
2018-04-02 03:00:08 || Received device configuration for client:device1
2018-04-02 03:00:08 || Received device configuration for client:device1
2018-04-02 03:00:08 || Received GPS coordinates for device:device1
2018-04-02 03:00:13 || Received device:device1
2018-04-02 03:00:13 || Received GPS coordinates for device:device1
2018-04-02 03:00:18 || Received device:device1
2018-04-02 03:00:18 || Received GPS coordinates for device:device1
2018-04-02 03:00:23 || Received device:device1
2018-04-02 03:00:23 || Received GPS coordinates for device:device1
2018-04-02 03:00:28 || Received device:device1
2018-04-02 03:00:28 || Received GPS coordinates for device:device1
2018-04-02 03:00:33 || Received device:device1
2018-04-02 03:00:33 || Received GPS coordinates for device:device1
2018-04-02 03:00:38 || Received device:device1
2018-04-02 03:00:38 || Received GPS coordinates for device:device1
2018-04-02 03:00:44 || Received device:device1
2018-04-02 03:00:44 || Received GPS coordinates for device:device1
2018-04-02 03:00:51 || Received device:device1
2018-04-02 03:00:51 || Received GPS coordinates for device:device1
2018-04-02 03:00:59 || Received device:device1
2018-04-02 03:00:59 || Received GPS coordinates for device:device1
2018-04-02 03:01:08 || Received device:device1
2018-04-02 03:01:08 || Received GPS coordinates for device:device1
2018-04-02 03:01:18 || Received device:device1
2018-04-02 03:01:18 || Received device configuration for client:device1
2018-04-02 03:01:18 || Received GPS coordinates for device:device1
2018-04-02 03:01:22 || Received device configuration for client:device1
2018-04-02 03:01:23 || Received device configuration for client:device1
2018-04-02 03:01:23 || Received GPS coordinates for device:device1
2018-04-02 03:01:26 || Received GPS coordinates for device:device1
2018-04-02 03:01:26 || Updated parking status for device:device1
2018-04-02 03:01:26 || Updated radius for device:device1
2018-04-02 03:01:27 || Received GPS coordinates for device:device1
2018-04-02 03:01:27 || Updated parking status for device:device1
2018-04-02 03:01:29 || Received GPS coordinates for device:device1
2018-04-02 03:01:29 || Received device configuration for client:device1
2018-04-02 03:01:32 || Received device:device1
2018-04-02 03:01:32 || Received GPS coordinates for device:device1
2018-04-02 03:01:33 || Updated radius for device:device1
2018-04-02 03:01:33 || Received device configuration for client:device1
2018-04-02 03:01:33 || Received device configuration for client:device1
2018-04-02 03:01:33 || Received GPS coordinates for device:device1
2018-04-02 03:01:33 || Received GPS coordinates for device:device1
2018-04-02 03:01:33 || Received GPS coordinates for device:device1
2018-04-02 03:01:33 || Received device:device1
2018-04-02 03:01:33 || Received GPS coordinates for device:device1
2018-04-02 03:01:35 || Updated radius for device:device1
2018-04-02 03:01:35 || Received GPS coordinates for device:device1
2018-04-02 03:01:35 || Updated parking status for device:device1
2018-04-02 03:26:21 || Received device configuration for client:device1
2018-04-02 03:26:22 || Received device configuration for client:device1
2018-04-02 03:26:22 || Received GPS coordinates for device:device1
2018-04-02 03:26:24 || Received GPS coordinates for device:device1
2018-04-02 03:26:24 || Received device configuration for client:device1
2018-04-02 03:26:27 || Received device:device1
2018-04-02 03:26:27 || Received GPS coordinates for device:device1
2018-04-02 03:26:32 || Updated radius for device:device1
2018-04-02 03:26:32 || Received device:device1
2018-04-02 03:26:32 || Received GPS coordinates for device:device1
2018-04-02 03:26:33 || Received device configuration for client:device1
2018-04-02 03:26:33 || Received device configuration for client:device1
2018-04-02 03:26:33 || Received GPS coordinates for device:device1
2018-04-02 03:26:33 || Received GPS coordinates for device:device1
2018-04-02 03:26:33 || Received GPS coordinates for device:device1
2018-04-02 03:26:34 || Received device:device1
2018-04-02 03:26:34 || Received GPS coordinates for device:device1
2018-04-02 03:26:39 || Received device:device1
2018-04-02 03:26:39 || Received GPS coordinates for device:device1
2018-04-02 03:26:44 || Received device configuration for client:device1
2018-04-02 03:26:44 || Received device configuration for client:device1
2018-04-02 03:26:44 || Received GPS coordinates for device:device1
2018-04-02 03:26:44 || Received GPS coordinates for device:device1
2018-04-02 03:26:44 || Received device:device1
2018-04-02 03:26:44 || Received GPS coordinates for device:device1
2018-04-02 03:26:44 || Received GPS coordinates for device:device1
2018-04-02 03:26:49 || Received device:device1
2018-04-02 03:26:49 || Received GPS coordinates for device:device1
2018-04-02 03:26:55 || Received device:device1
2018-04-02 03:26:55 || Received GPS coordinates for device:device1
2018-04-02 03:27:00 || Received GPS coordinates for device:device1
2018-04-02 03:27:00 || Updated radius for device:device1
2018-04-02 03:27:00 || Updated parking status for device:device1
2018-04-02 03:27:15 || Received device configuration for client:device1
2018-04-02 03:27:15 || Received device configuration for client:device1
2018-04-02 03:27:15 || Received GPS coordinates for device:device1
2018-04-02 03:27:22 || Received GPS coordinates for device:device1
2018-04-02 03:27:22 || Updated parking status for device:device1
2018-04-02 03:27:26 || Received device configuration for client:device1
2018-04-02 03:27:26 || Received GPS coordinates for device:device1
2018-04-02 03:27:27 || Received device:device1
2018-04-02 03:27:28 || Received GPS coordinates for device:device1
2018-04-02 03:27:32 || Received device:device1
2018-04-02 03:27:33 || Received GPS coordinates for device:device1
2018-04-02 03:28:34 || Received device configuration for client:device1
2018-04-02 03:28:35 || Received device configuration for client:device1
2018-04-02 03:28:35 || Received GPS coordinates for device:device1
2018-04-02 03:28:38 || Received GPS coordinates for device:device1
2018-04-02 03:28:38 || Received device configuration for client:device1
2018-04-02 03:28:40 || Received device:device1
2018-04-02 03:28:40 || Received GPS coordinates for device:device1
2018-04-02 03:28:45 || Updated radius for device:device1
2018-04-02 03:28:45 || Received device:device1
2018-04-02 03:28:45 || Received device configuration for client:device1
2018-04-02 03:28:45 || Received device configuration for client:device1
2018-04-02 03:28:45 || Received GPS coordinates for device:device1
2018-04-02 03:28:45 || Received GPS coordinates for device:device1
2018-04-02 03:28:45 || Received GPS coordinates for device:device1
2018-04-02 03:28:45 || Received GPS coordinates for device:device1
2018-04-02 03:28:47 || Received device:device1
2018-04-02 03:28:47 || Received GPS coordinates for device:device1
2018-04-02 03:28:50 || Received device:device1
2018-04-02 03:28:50 || Received GPS coordinates for device:device1
2018-04-02 03:28:55 || Received device:device1
2018-04-02 03:28:56 || Received GPS coordinates for device:device1
2018-04-02 03:29:01 || Received device:device1
2018-04-02 03:29:01 || Received GPS coordinates for device:device1
2018-04-02 03:29:07 || Received device:device1
2018-04-02 03:29:07 || Received GPS coordinates for device:device1
2018-04-02 03:29:14 || Received device:device1
2018-04-02 03:29:14 || Received GPS coordinates for device:device1
2018-04-02 03:29:23 || Received device:device1
2018-04-02 03:29:23 || Received GPS coordinates for device:device1
2018-04-02 03:29:32 || Received device:device1
2018-04-02 03:29:32 || Received GPS coordinates for device:device1
2018-04-02 03:29:33 || Received GPS coordinates for device:device1
2018-04-02 03:29:33 || Received device configuration for client:device1
2018-04-02 03:29:42 || Received device:device1
2018-04-02 03:29:42 || Received GPS coordinates for device:device1
2018-04-02 03:29:53 || Received device:device1
2018-04-02 03:29:53 || Received GPS coordinates for device:device1
2018-04-02 03:30:05 || Received device configuration for client:device1
2018-04-02 03:30:05 || Received device configuration for client:device1
2018-04-02 03:30:05 || Received GPS coordinates for device:device1
2018-04-02 03:30:05 || Received GPS coordinates for device:device1
2018-04-02 03:30:05 || Received GPS coordinates for device:device1
2018-04-02 03:30:09 || Received device:device1
2018-04-02 03:30:09 || Received GPS coordinates for device:device1
2018-04-02 03:30:16 || Updated radius for device:device1
2018-04-02 03:30:16 || Received device configuration for client:device1
2018-04-02 03:30:16 || Received device configuration for client:device1
2018-04-02 03:30:17 || Received GPS coordinates for device:device1
2018-04-02 03:30:22 || Received device:device1
2018-04-02 03:30:22 || Received GPS coordinates for device:device1
2018-04-02 03:30:23 || Received device configuration for client:device1
2018-04-02 03:30:23 || Received GPS coordinates for device:device1
2018-04-02 03:30:27 || Received device:device1
2018-04-02 03:30:27 || Received GPS coordinates for device:device1
2018-04-02 03:30:31 || Received device:device1
2018-04-02 03:30:31 || Received GPS coordinates for device:device1
2018-04-02 03:30:34 || Received device:device1
2018-04-02 03:30:34 || Received GPS coordinates for device:device1
2018-04-02 03:30:38 || Received device:device1
2018-04-02 03:30:38 || Received GPS coordinates for device:device1
2018-04-02 03:30:43 || Received device:device1
2018-04-02 03:30:43 || Received GPS coordinates for device:device1
2018-04-02 03:30:49 || Received device:device1
2018-04-02 03:30:49 || Received GPS coordinates for device:device1
2018-04-02 03:30:56 || Received device:device1
2018-04-02 03:30:56 || Received GPS coordinates for device:device1
2018-04-02 03:31:04 || Received device:device1
2018-04-02 03:31:04 || Received GPS coordinates for device:device1
2018-04-02 03:31:13 || Received device:device1
2018-04-02 03:31:13 || Received GPS coordinates for device:device1
2018-04-02 03:31:23 || Received device:device1
2018-04-02 03:31:23 || Received GPS coordinates for device:device1
2018-04-02 03:31:34 || Received device:device1
2018-04-02 03:31:34 || Received GPS coordinates for device:device1
2018-04-02 03:31:46 || Received device:device1
2018-04-02 03:31:46 || Received GPS coordinates for device:device1
2018-04-02 03:31:59 || Received device:device1
2018-04-02 03:31:59 || Received GPS coordinates for device:device1
2018-04-02 03:32:13 || Received device:device1
2018-04-02 03:32:13 || Received GPS coordinates for device:device1
2018-04-02 03:32:19 || Received device configuration for client:device1
2018-04-02 03:32:23 || Received device configuration for client:device1
2018-04-02 03:32:23 || Received device configuration for client:device1
2018-04-02 03:32:23 || Received GPS coordinates for device:device1
2018-04-02 03:32:28 || Received device:device1
2018-04-02 03:32:28 || Received GPS coordinates for device:device1
2018-04-02 03:32:33 || Received device:device1
2018-04-02 03:32:33 || Received GPS coordinates for device:device1
2018-04-02 03:32:38 || Received device:device1
2018-04-02 03:32:38 || Received GPS coordinates for device:device1
2018-04-02 03:32:41 || Received device:device1
2018-04-02 03:32:41 || Received GPS coordinates for device:device1
2018-04-02 03:32:46 || Received device:device1
2018-04-02 03:32:46 || Received GPS coordinates for device:device1
2018-04-02 03:32:51 || Received device:device1
2018-04-02 03:32:51 || Received GPS coordinates for device:device1
2018-04-02 03:32:57 || Received device:device1
2018-04-02 03:32:58 || Received GPS coordinates for device:device1
2018-04-02 03:33:05 || Received device:device1
2018-04-02 03:33:05 || Received GPS coordinates for device:device1
2018-04-02 03:33:13 || Received device:device1
2018-04-02 03:33:13 || Received GPS coordinates for device:device1
2018-04-02 03:33:22 || Received device:device1
2018-04-02 03:33:22 || Received GPS coordinates for device:device1
2018-04-02 03:33:32 || Received device:device1
2018-04-02 03:33:32 || Received GPS coordinates for device:device1
2018-04-02 03:33:50 || Received device configuration for client:device1
2018-04-02 03:33:50 || Received device configuration for client:device1
2018-04-02 03:33:50 || Received GPS coordinates for device:device1
2018-04-02 03:33:53 || Received GPS coordinates for device:device1
2018-04-02 03:33:53 || Received device configuration for client:device1
2018-04-02 03:33:55 || Received device configuration for client:device1
2018-04-02 03:33:55 || Received device configuration for client:device1
2018-04-02 03:33:55 || Received GPS coordinates for device:device1
2018-04-02 03:33:56 || Received GPS coordinates for device:device1
2018-04-02 03:33:56 || Updated radius for device:device1
2018-04-02 03:33:56 || Updated parking status for device:device1
2018-04-02 03:33:58 || Received device configuration for client:device1
2018-04-02 03:33:58 || Received GPS coordinates for device:device1
2018-04-02 03:34:05 || Received device configuration for client:device1
2018-04-02 03:34:05 || Received device configuration for client:device1
2018-04-02 03:34:05 || Received GPS coordinates for device:device1
2018-04-02 03:34:05 || Received GPS coordinates for device:device1
2018-04-02 03:34:05 || Updated parking status for device:device1
2018-04-02 03:34:07 || Received device configuration for client:device1
2018-04-02 03:34:07 || Received GPS coordinates for device:device1
2018-04-02 03:34:08 || Received device configuration for client:device1
2018-04-02 03:34:08 || Received device configuration for client:device1
2018-04-02 03:34:08 || Received GPS coordinates for device:device1
2018-04-02 03:34:10 || Received GPS coordinates for device:device1
2018-04-02 03:34:10 || Updated radius for device:device1
2018-04-02 03:34:10 || Updated parking status for device:device1
2018-04-02 03:34:11 || Received GPS coordinates for device:device1
2018-04-02 03:34:11 || Received device configuration for client:device1
2018-04-02 03:37:29 || Received device configuration for client:device1
2018-04-02 03:37:29 || Received device configuration for client:device1
2018-04-02 03:37:29 || Received GPS coordinates for device:device1
2018-04-02 03:37:32 || Received GPS coordinates for device:device1
2018-04-02 03:37:32 || Received device configuration for client:device1
2018-04-02 03:37:39 || Received device configuration for client:device1
2018-04-02 03:37:39 || Received device configuration for client:device1
2018-04-02 03:37:39 || Received GPS coordinates for device:device1
2018-04-02 03:37:41 || Received GPS coordinates for device:device1
2018-04-02 03:37:41 || Received device configuration for client:device1
2018-04-02 03:37:42 || Received device configuration for client:device1
2018-04-02 03:37:42 || Received device configuration for client:device1
2018-04-02 03:37:42 || Received GPS coordinates for device:device1
2018-04-02 03:38:13 || Received GPS coordinates for device:device1
2018-04-02 03:38:13 || Updated parking status for device:device1
2018-04-02 03:38:16 || Received GPS coordinates for device:device1
2018-04-02 03:38:16 || Received device configuration for client:device1
2018-04-02 03:38:21 || Received device:device1
2018-04-02 03:38:21 || Received GPS coordinates for device:device1
2018-04-02 03:38:26 || Received device:device1
2018-04-02 03:38:26 || Received GPS coordinates for device:device1
2018-04-02 03:38:31 || Received device:device1
2018-04-02 03:38:31 || Received GPS coordinates for device:device1
2018-04-02 03:38:36 || Received device:device1
2018-04-02 03:38:36 || Received GPS coordinates for device:device1
2018-04-02 03:38:41 || Received device:device1
2018-04-02 03:38:41 || Received GPS coordinates for device:device1
2018-04-02 03:38:46 || Received device:device1
2018-04-02 03:38:47 || Received GPS coordinates for device:device1
2018-04-02 03:38:52 || Received device:device1
2018-04-02 03:38:53 || Received GPS coordinates for device:device1
2018-04-02 03:39:00 || Received device:device1
2018-04-02 03:39:00 || Received GPS coordinates for device:device1
2018-04-02 03:39:08 || Received device:device1
2018-04-02 03:39:08 || Received GPS coordinates for device:device1
2018-04-02 03:39:17 || Received device:device1
2018-04-02 03:39:17 || Received GPS coordinates for device:device1
2018-04-02 03:39:27 || Received device:device1
2018-04-02 03:39:27 || Received GPS coordinates for device:device1
2018-04-02 03:39:34 || Received device configuration for client:device1
2018-04-02 03:39:34 || Received GPS coordinates for device:device1
2018-04-02 03:39:34 || Received device configuration for client:device1
2018-04-02 03:39:35 || Received device configuration for client:device1
2018-04-02 03:39:35 || Received GPS coordinates for device:device1
2018-04-02 03:39:39 || Received device:device1
2018-04-02 03:39:39 || Received GPS coordinates for device:device1
2018-04-02 03:39:44 || Received device:device1
2018-04-02 03:39:44 || Received GPS coordinates for device:device1
2018-04-02 03:39:49 || Received device:device1
2018-04-02 03:39:49 || Received GPS coordinates for device:device1
2018-04-02 03:39:54 || Received device:device1
2018-04-02 03:39:54 || Received GPS coordinates for device:device1
2018-04-02 03:40:12 || Received device configuration for client:device1
2018-04-02 03:40:12 || Received device configuration for client:device1
2018-04-02 03:40:12 || Received GPS coordinates for device:device1
2018-04-02 03:40:17 || Received device:device1
2018-04-02 03:40:17 || Received GPS coordinates for device:device1
2018-04-02 03:40:17 || Received GPS coordinates for device:device1
2018-04-02 03:40:17 || Received device configuration for client:device1
2018-04-02 03:40:20 || Received device configuration for client:device1
2018-04-02 03:40:20 || Received device configuration for client:device1
2018-04-02 03:40:20 || Received GPS coordinates for device:device1
2018-04-02 03:40:20 || Received GPS coordinates for device:device1
2018-04-02 03:40:20 || Updated radius for device:device1
2018-04-02 03:40:20 || Updated parking status for device:device1
2018-04-02 03:40:22 || Received device configuration for client:device1
2018-04-02 03:40:22 || Received GPS coordinates for device:device1
2018-04-02 03:40:24 || Received GPS coordinates for device:device1
2018-04-02 03:40:24 || Updated parking status for device:device1
2018-04-02 03:40:29 || Received device:device1
2018-04-02 03:40:29 || Received GPS coordinates for device:device1
2018-04-02 03:40:34 || Received device:device1
2018-04-02 03:40:34 || Received GPS coordinates for device:device1
2018-04-02 03:40:39 || Received device:device1
2018-04-02 03:40:39 || Received GPS coordinates for device:device1
2018-04-02 03:40:44 || Received device:device1
2018-04-02 03:40:44 || Received GPS coordinates for device:device1
2018-04-02 03:40:49 || Received device:device1
2018-04-02 03:40:49 || Received GPS coordinates for device:device1
2018-04-02 03:40:54 || Received device:device1
2018-04-02 03:40:54 || Received GPS coordinates for device:device1
2018-04-02 03:41:00 || Received device:device1
2018-04-02 03:41:00 || Received GPS coordinates for device:device1
2018-04-02 03:41:07 || Received device:device1
2018-04-02 03:41:07 || Received GPS coordinates for device:device1
2018-04-02 03:41:15 || Received device:device1
2018-04-02 03:41:15 || Received GPS coordinates for device:device1
2018-04-02 03:41:23 || Received device configuration for client:device1
2018-04-02 03:41:23 || Received device configuration for client:device1
2018-04-02 03:41:24 || Received GPS coordinates for device:device1
2018-04-02 03:41:29 || Received device:device1
2018-04-02 03:41:29 || Received GPS coordinates for device:device1
2018-04-02 03:41:34 || Received device:device1
2018-04-02 03:41:34 || Received GPS coordinates for device:device1
2018-04-02 03:41:39 || Received device:device1
2018-04-02 03:41:39 || Received GPS coordinates for device:device1
2018-04-02 03:41:42 || Received device configuration for client:device1
2018-04-02 03:41:42 || Received GPS coordinates for device:device1
2018-04-02 03:41:44 || Received device:device1
2018-04-02 03:41:44 || Received GPS coordinates for device:device1
2018-04-02 03:41:46 || Updated radius for device:device1
2018-04-02 03:41:46 || Received device configuration for client:device1
2018-04-02 03:41:46 || Received device configuration for client:device1
2018-04-02 03:41:46 || Received GPS coordinates for device:device1
2018-04-02 03:41:46 || Received GPS coordinates for device:device1
2018-04-02 03:41:46 || Received GPS coordinates for device:device1
2018-04-02 03:41:48 || Received device:device1
2018-04-02 03:41:48 || Received GPS coordinates for device:device1
2018-04-02 03:41:50 || Received GPS coordinates for device:device1
2018-04-02 03:41:51 || Received device configuration for client:device1
2018-04-02 03:41:53 || Received device:device1
2018-04-02 03:41:53 || Received GPS coordinates for device:device1
2018-04-02 03:41:59 || Received device:device1
2018-04-02 03:41:59 || Received GPS coordinates for device:device1
2018-04-02 03:42:06 || Received device:device1
2018-04-02 03:42:06 || Received GPS coordinates for device:device1
2018-04-02 03:42:06 || Updated stolen status for device:device1
2018-04-02 03:42:06 || Updated timeOut for device:device1
2018-04-02 03:42:12 || Received device configuration for client:device1
2018-04-02 03:42:12 || Received device configuration for client:device1
2018-04-02 03:42:12 || Received GPS coordinates for device:device1
2018-04-02 03:42:12 || Received GPS coordinates for device:device1
2018-04-02 03:42:12 || Received GPS coordinates for device:device1
2018-04-02 03:42:14 || Received device:device1
2018-04-02 03:42:14 || Received GPS coordinates for device:device1
2018-04-02 03:42:14 || Updated stolen status for device:device1
2018-04-02 03:42:14 || Updated timeOut for device:device1
2018-04-02 03:42:23 || Received device:device1
2018-04-02 03:42:23 || Received GPS coordinates for device:device1
2018-04-02 03:42:23 || Updated stolen status for device:device1
2018-04-02 03:42:23 || Updated timeOut for device:device1
2018-04-02 03:42:33 || Received device:device1
2018-04-02 03:42:33 || Received GPS coordinates for device:device1
2018-04-02 03:42:33 || Updated stolen status for device:device1
2018-04-02 03:42:33 || Updated timeOut for device:device1
2018-04-02 03:42:44 || Received device:device1
2018-04-02 03:42:44 || Received GPS coordinates for device:device1
2018-04-02 03:42:44 || Updated stolen status for device:device1
2018-04-02 03:42:44 || Updated timeOut for device:device1
2018-04-02 03:42:56 || Received device:device1
2018-04-02 03:42:56 || Received GPS coordinates for device:device1
2018-04-02 03:42:56 || Updated stolen status for device:device1
2018-04-02 03:42:57 || Updated timeOut for device:device1
2018-04-02 03:43:09 || Received device configuration for client:device1
2018-04-02 03:43:09 || Received device:device1
2018-04-02 03:43:10 || Received GPS coordinates for device:device1
2018-04-02 03:43:10 || Updated stolen status for device:device1
2018-04-02 03:43:10 || Updated timeOut for device:device1
2018-04-02 03:43:15 || Received GPS coordinates for device:device1
2018-04-02 03:43:15 || Received device configuration for client:device1
2018-04-02 03:43:15 || Received device configuration for client:device1
2018-04-02 03:43:15 || Received GPS coordinates for device:device1
2018-04-02 03:43:15 || Received GPS coordinates for device:device1
2018-04-02 03:43:16 || Received GPS coordinates for device:device1
2018-04-02 03:43:26 || Received GPS coordinates for device:device1
2018-04-02 03:43:34 || Received device:device1
2018-04-02 03:43:34 || Received GPS coordinates for device:device1
2018-04-02 03:43:34 || Updated stolen status for device:device1
2018-04-02 03:43:34 || Updated timeOut for device:device1
2018-04-02 03:43:36 || Received GPS coordinates for device:device1
2018-04-02 03:43:43 || Received device configuration for client:device1
2018-04-02 03:43:43 || Received device configuration for client:device1
2018-04-02 03:43:43 || Received GPS coordinates for device:device1
2018-04-02 03:43:43 || Received GPS coordinates for device:device1
2018-04-02 03:43:44 || Received GPS coordinates for device:device1
2018-04-02 03:43:44 || Received GPS coordinates for device:device1
2018-04-02 03:43:46 || Received GPS coordinates for device:device1
2018-04-02 03:43:48 || Received device:device1
2018-04-02 03:43:48 || Received GPS coordinates for device:device1
2018-04-02 03:43:49 || Updated stolen status for device:device1
2018-04-02 03:43:49 || Updated timeOut for device:device1
2018-04-02 03:43:54 || Received GPS coordinates for device:device1
2018-04-02 03:43:56 || Received GPS coordinates for device:device1
2018-04-02 03:44:04 || Received GPS coordinates for device:device1
2018-04-02 03:44:04 || Received device:device1
2018-04-02 03:44:04 || Received GPS coordinates for device:device1
2018-04-02 03:44:05 || Updated stolen status for device:device1
2018-04-02 03:44:05 || Updated timeOut for device:device1
2018-04-02 03:44:06 || Received GPS coordinates for device:device1
2018-04-02 03:44:14 || Received GPS coordinates for device:device1
2018-04-02 03:44:16 || Received GPS coordinates for device:device1
2018-04-02 03:44:22 || Received device:device1
2018-04-02 03:44:22 || Received GPS coordinates for device:device1
2018-04-02 03:44:22 || Updated stolen status for device:device1
2018-04-02 03:44:22 || Updated timeOut for device:device1
2018-04-02 03:44:24 || Received GPS coordinates for device:device1
2018-04-02 03:44:26 || Received GPS coordinates for device:device1
2018-04-02 03:44:34 || Received GPS coordinates for device:device1
2018-04-02 03:44:36 || Received GPS coordinates for device:device1
2018-04-02 03:44:44 || Received GPS coordinates for device:device1
2018-04-02 03:44:46 || Received GPS coordinates for device:device1
2018-04-02 03:44:48 || Received device:device1
2018-04-02 03:44:48 || Received GPS coordinates for device:device1
2018-04-02 03:44:48 || Updated stolen status for device:device1
2018-04-02 03:44:49 || Updated timeOut for device:device1
2018-04-02 03:44:54 || Received GPS coordinates for device:device1
2018-04-02 03:44:56 || Received GPS coordinates for device:device1
2018-04-02 03:44:56 || Received device configuration for client:device1
2018-04-02 03:45:04 || Received GPS coordinates for device:device1
2018-04-02 03:45:06 || Received GPS coordinates for device:device1
2018-04-02 03:45:11 || Received device:device1
2018-04-02 03:45:11 || Received GPS coordinates for device:device1
2018-04-02 03:45:11 || Updated stolen status for device:device1
2018-04-02 03:45:11 || Updated timeOut for device:device1
2018-04-02 03:45:14 || Received GPS coordinates for device:device1
2018-04-02 03:45:16 || Received GPS coordinates for device:device1
2018-04-02 03:45:24 || Received GPS coordinates for device:device1
2018-04-02 03:45:24 || Received device configuration for client:device1
2018-04-02 03:45:26 || Received GPS coordinates for device:device1
2018-04-02 03:45:31 || Received device:device1
2018-04-02 03:45:31 || Received GPS coordinates for device:device1
2018-04-02 03:45:31 || Updated stolen status for device:device1
2018-04-02 03:45:31 || Updated timeOut for device:device1
2018-04-02 03:45:34 || Received GPS coordinates for device:device1
2018-04-02 03:45:36 || Received GPS coordinates for device:device1
2018-04-02 03:45:44 || Received GPS coordinates for device:device1
2018-04-02 03:45:46 || Received GPS coordinates for device:device1
2018-04-02 03:45:52 || Received device:device1
2018-04-02 03:45:52 || Received GPS coordinates for device:device1
2018-04-02 03:45:52 || Updated stolen status for device:device1
2018-04-02 03:45:53 || Updated timeOut for device:device1
2018-04-02 03:45:54 || Received GPS coordinates for device:device1
2018-04-02 03:45:56 || Received GPS coordinates for device:device1
2018-04-02 03:46:04 || Received GPS coordinates for device:device1
2018-04-02 03:46:06 || Received GPS coordinates for device:device1
2018-04-02 03:46:14 || Received GPS coordinates for device:device1
2018-04-02 03:46:14 || Received device:device1
2018-04-02 03:46:14 || Received GPS coordinates for device:device1
2018-04-02 03:46:15 || Updated stolen status for device:device1
2018-04-02 03:46:15 || Updated timeOut for device:device1
2018-04-02 03:46:16 || Received GPS coordinates for device:device1
2018-04-02 03:46:24 || Received GPS coordinates for device:device1
2018-04-02 03:46:26 || Received GPS coordinates for device:device1
2018-04-02 03:46:34 || Received GPS coordinates for device:device1
2018-04-02 03:46:36 || Received GPS coordinates for device:device1
2018-04-02 03:46:36 || Received device configuration for client:device1
2018-04-02 03:46:44 || Received GPS coordinates for device:device1
2018-04-02 03:46:46 || Received GPS coordinates for device:device1
2018-04-02 03:46:49 || Received device configuration for client:device1
2018-04-02 03:46:49 || Received device configuration for client:device1
2018-04-02 03:46:49 || Received GPS coordinates for device:device1
2018-04-02 03:46:49 || Received GPS coordinates for device:device1
2018-04-02 03:46:49 || Received GPS coordinates for device:device1
2018-04-02 03:46:50 || Received GPS coordinates for device:device1
2018-04-02 03:46:53 || Received device:device1
2018-04-02 03:46:53 || Received GPS coordinates for device:device1
2018-04-02 03:46:53 || Updated stolen status for device:device1
2018-04-02 03:46:53 || Updated timeOut for device:device1
2018-04-02 03:46:54 || Received GPS coordinates for device:device1
2018-04-02 03:46:56 || Received GPS coordinates for device:device1
2018-04-02 03:47:00 || Received GPS coordinates for device:device1
2018-04-02 03:47:04 || Received GPS coordinates for device:device1
2018-04-02 03:47:04 || Received device configuration for client:device1
2018-04-02 03:47:06 || Received GPS coordinates for device:device1
2018-04-02 03:47:10 || Received GPS coordinates for device:device1
2018-04-02 03:47:14 || Received GPS coordinates for device:device1
2018-04-02 03:47:16 || Received GPS coordinates for device:device1
2018-04-02 03:47:20 || Received GPS coordinates for device:device1
2018-04-02 03:47:24 || Received device:device1
2018-04-02 03:47:24 || Received GPS coordinates for device:device1
2018-04-02 03:47:24 || Updated timeOut for device:device1
2018-04-02 03:47:24 || Updated stolen status for device:device1
2018-04-02 03:47:24 || Received GPS coordinates for device:device1
2018-04-02 03:47:26 || Received GPS coordinates for device:device1
2018-04-02 03:47:30 || Received GPS coordinates for device:device1
2018-04-02 03:47:34 || Received GPS coordinates for device:device1
2018-04-02 03:47:36 || Received GPS coordinates for device:device1
2018-04-02 03:47:40 || Received GPS coordinates for device:device1
2018-04-02 03:47:44 || Received GPS coordinates for device:device1
2018-04-02 03:47:46 || Received GPS coordinates for device:device1
2018-04-02 03:47:49 || Received device:device1
2018-04-02 03:47:49 || Received GPS coordinates for device:device1
2018-04-02 03:47:49 || Updated stolen status for device:device1
2018-04-02 03:47:49 || Updated timeOut for device:device1
2018-04-02 03:47:50 || Received GPS coordinates for device:device1
2018-04-02 03:47:54 || Received GPS coordinates for device:device1
2018-04-02 03:47:56 || Received GPS coordinates for device:device1
2018-04-02 03:48:00 || Received GPS coordinates for device:device1
2018-04-02 03:48:04 || Received GPS coordinates for device:device1
2018-04-02 03:48:06 || Received GPS coordinates for device:device1
2018-04-02 03:48:10 || Received GPS coordinates for device:device1
2018-04-02 03:48:14 || Received GPS coordinates for device:device1
2018-04-02 03:48:16 || Received GPS coordinates for device:device1
2018-04-02 03:48:16 || Received device configuration for client:device1
2018-04-02 03:48:22 || Received device:device1
2018-04-02 03:48:22 || Received GPS coordinates for device:device1
2018-04-02 03:48:22 || Received GPS coordinates for device:device1
2018-04-02 03:48:22 || Updated stolen status for device:device1
2018-04-02 03:48:22 || Updated timeOut for device:device1
2018-04-02 03:48:25 || Received GPS coordinates for device:device1
2018-04-02 03:48:26 || Received GPS coordinates for device:device1
2018-04-02 03:48:30 || Received GPS coordinates for device:device1
2018-04-02 03:48:30 || Received device configuration for client:device1
2018-04-02 03:48:36 || Received GPS coordinates for device:device1
2018-04-02 03:48:36 || Received GPS coordinates for device:device1
2018-04-02 03:48:42 || Received GPS coordinates for device:device1
2018-04-02 03:48:45 || Received GPS coordinates for device:device1
2018-04-02 03:48:45 || Received device configuration for client:device1
2018-04-02 03:48:45 || Received device:device1
2018-04-02 03:48:45 || Received GPS coordinates for device:device1
2018-04-02 03:48:45 || Updated stolen status for device:device1
2018-04-02 03:48:45 || Updated timeOut for device:device1
2018-04-02 03:48:46 || Received GPS coordinates for device:device1
2018-04-02 03:48:50 || Received GPS coordinates for device:device1
2018-04-02 03:48:55 || Received GPS coordinates for device:device1
2018-04-02 03:48:56 || Received GPS coordinates for device:device1
2018-04-02 03:49:00 || Received GPS coordinates for device:device1
2018-04-02 03:49:05 || Received GPS coordinates for device:device1
2018-04-02 03:49:06 || Received GPS coordinates for device:device1
2018-04-02 03:49:10 || Received GPS coordinates for device:device1
2018-04-02 03:49:28 || Received device configuration for client:device1
2018-04-02 03:49:28 || Received device configuration for client:device1
2018-04-02 03:49:28 || Received device:device1
2018-04-02 03:49:28 || Received GPS coordinates for device:device1
2018-04-02 03:49:29 || Received device:device1
2018-04-02 03:50:53 || Received device configuration for client:device1
2018-04-02 03:50:53 || Received device configuration for client:device1
2018-04-02 03:50:53 || Received device:device1
2018-04-02 03:50:53 || Received GPS coordinates for device:device1
2018-04-02 03:54:32 || Received device configuration for client:device1
2018-04-02 03:54:33 || Received device configuration for client:device1
2018-04-02 03:54:33 || Received GPS coordinates for device:device1
2018-04-02 03:54:33 || Received device:device1
2018-04-02 03:54:33 || Received device:device1
2018-04-02 03:54:36 || Received device configuration for client:device1
2018-04-02 03:54:36 || Received device:device1
